<?xml version="1.0" encoding="UTF-8"?>
<!-- Generated by org.testng.reporters.JUnitReportReporter -->
<testsuite hostname="Sathya" failures="0" tests="1" name="stepdefinations.databasesample" time="0.441" errors="0" timestamp="2022-03-11T17:12:18 IST" skipped="0">
  <testcase classname="stepdefinations.databasesample" name="dbtest" time="0.441"/>
  <system-out/>
</testsuite> <!-- stepdefinations.databasesample -->
